"/Users/cian/Library/Application Support/JetBrains/Toolbox/apps/CLion/ch-0/211.6693.114/CLion.app/Contents/bin/cmake/mac/bin/cmake" -DCMAKE_BUILD_TYPE=Debug -G "CodeBlocks - Unix Makefiles" "/Users/cian/Google Drive/cpp_projects/assignment4.2.0"
-- The C compiler identification is AppleClang 12.0.0.12000032
-- The CXX compiler identification is AppleClang 12.0.0.12000032
-- Detecting C compiler ABI info
-- Detecting C compiler ABI info - failed
-- Check for working C compiler: /Applications/Xcode.app/Contents/Developer/Toolchains/XcodeDefault.xctoolchain/usr/bin/cc
-- Check for working C compiler: /Applications/Xcode.app/Contents/Developer/Toolchains/XcodeDefault.xctoolchain/usr/bin/cc - broken
CMake Error at /Users/cian/Library/Application Support/JetBrains/Toolbox/apps/CLion/ch-0/211.6693.114/CLion.app/Contents/bin/cmake/mac/share/cmake-3.19/Modules/CMakeTestCCompiler.cmake:66 (message):
  The C compiler

    "/Applications/Xcode.app/Contents/Developer/Toolchains/XcodeDefault.xctoolchain/usr/bin/cc"

  is not able to compile a simple test program.

  It fails with the following output:

    Change Dir: /Users/cian/Google Drive/cpp_projects/assignment4.2.0/cmake-build-debug/CMakeFiles/CMakeTmp
    
    Run Build Command(s):/usr/bin/make cmTC_68e51/fast && /Library/Developer/CommandLineTools/usr/bin/make  -f CMakeFiles/cmTC_68e51.dir/build.make CMakeFiles/cmTC_68e51.dir/build
    Building C object CMakeFiles/cmTC_68e51.dir/testCCompiler.c.o
    /Applications/Xcode.app/Contents/Developer/Toolchains/XcodeDefault.xctoolchain/usr/bin/cc    -o CMakeFiles/cmTC_68e51.dir/testCCompiler.c.o -c "/Users/cian/Google Drive/cpp_projects/assignment4.2.0/cmake-build-debug/CMakeFiles/CMakeTmp/testCCompiler.c"
    Linking C executable cmTC_68e51
    "/Users/cian/Library/Application Support/JetBrains/Toolbox/apps/CLion/ch-0/211.6693.114/CLion.app/Contents/bin/cmake/mac/bin/cmake" -E cmake_link_script CMakeFiles/cmTC_68e51.dir/link.txt --verbose=1
    /Applications/Xcode.app/Contents/Developer/Toolchains/XcodeDefault.xctoolchain/usr/bin/cc -Wl,-search_paths_first -Wl,-headerpad_max_install_names CMakeFiles/cmTC_68e51.dir/testCCompiler.c.o -o cmTC_68e51 
    ld: library not found for -lSystem
    clang: error: linker command failed with exit code 1 (use -v to see invocation)
    make[1]: *** [cmTC_68e51] Error 1
    make: *** [cmTC_68e51/fast] Error 2
    
    

  

  CMake will not be able to correctly generate this project.
Call Stack (most recent call first):
  CMakeLists.txt:2 (project)


-- Configuring incomplete, errors occurred!
See also "/Users/cian/Google Drive/cpp_projects/assignment4.2.0/cmake-build-debug/CMakeFiles/CMakeOutput.log".
See also "/Users/cian/Google Drive/cpp_projects/assignment4.2.0/cmake-build-debug/CMakeFiles/CMakeError.log".
